[2020-03-04 20:11:45] local.ERROR: SQLSTATE[HY000] [2002] Connection refused (SQL: select * from `articles` order by `created_at` desc) {"exception":"[object] (Illuminate\\Database\\QueryException(code: 2002): SQLSTATE[HY000] [2002] Connection refused (SQL: select * from `articles` order by `created_at` desc) at /Users/i343623/OneDrive - České vysoké učení technické v Praze/Laravel/untitled4/vendor/laravel/framework/src/Illuminate/Database/Connection.php:669)
[stacktrace]
#0 /Users/i343623/OneDrive - České vysoké učení technické v Praze/Laravel/untitled4/vendor/laravel/framework/src/Illuminate/Database/Connection.php(743): Illuminate\\Database\\Connection->runQueryCallback('select * from `...', Array, Object(Closure))
#1 /Users/i343623/OneDrive - České vysoké učení technické v Praze/Laravel/untitled4/vendor/laravel/framework/src/Illuminate/Database/Connection.php(723): Illuminate\\Database\\Connection->tryAgainIfCausedByLostConnection(Object(Illuminate\\Database\\QueryException), 'select * from `...', Array, Object(Closure))
#2 /Users/i343623/OneDrive - České vysoké učení technické v Praze/Laravel/untitled4/vendor/laravel/framework/src/Illuminate/Database/Connection.php(632): Illuminate\\Database\\Connection->handleQueryException(Object(Illuminate\\Database\\QueryException), 'select * from `...', Array, Object(Closure))
#3 /Users/i343623/OneDrive - České vysoké učení technické v Praze/Laravel/untitled4/vendor/laravel/framework/src/Illuminate/Database/Connection.php(338): Illuminate\\Database\\Connection->run('select * from `...', Array, Object(Closure))
#4 /Users/i343623/OneDrive - České vysoké učení technické v Praze/Laravel/untitled4/vendor/laravel/framework/src/Illuminate/Database/Query/Builder.php(2149): Illuminate\\Database\\Connection->select('select * from `...', Array, true)
#5 /Users/i343623/OneDrive - České vysoké učení technické v Praze/Laravel/untitled4/vendor/laravel/framework/src/Illuminate/Database/Query/Builder.php(2137): Illuminate\\Database\\Query\\Builder->runSelect()
#6 /Users/i343623/OneDrive - České vysoké učení technické v Praze/Laravel/untitled4/vendor/laravel/framework/src/Illuminate/Database/Query/Builder.php(2609): Illuminate\\Database\\Query\\Builder->Illuminate\\Database\\Query\\{closure}()
#7 /Users/i343623/OneDrive - České vysoké učení technické v Praze/Laravel/untitled4/vendor/laravel/framework/src/Illuminate/Database/Query/Builder.php(2138): Illuminate\\Database\\Query\\Builder->onceWithColumns(Array, Object(Closure))
#8 /Users/i343623/OneDrive - České vysoké učení technické v Praze/Laravel/untitled4/vendor/laravel/framework/src/Illuminate/Database/Eloquent/Builder.php(537): Illuminate\\Database\\Query\\Builder->get(Array)
#9 /Users/i343623/OneDrive - České vysoké učení technické v Praze/Laravel/untitled4/vendor/laravel/framework/src/Illuminate/Database/Eloquent/Builder.php(521): Illuminate\\Database\\Eloquent\\Builder->getModels(Array)
#10 /Users/i343623/OneDrive - České vysoké učení technické v Praze/Laravel/untitled4/app/Http/Controllers/WelcomeController.php(19): Illuminate\\Database\\Eloquent\\Builder->get()
#11 [internal function]: App\\Http\\Controllers\\WelcomeController->__invoke(Object(Illuminate\\Http\\Request))
#12 /Users/i343623/OneDrive - České vysoké učení technické v Praze/Laravel/untitled4/vendor/laravel/framework/src/Illuminate/Routing/Controller.php(54): call_user_func_array(Array, Array)
#13 /Users/i343623/OneDrive - České vysoké učení technické v Praze/Laravel/untitled4/vendor/laravel/framework/src/Illuminate/Routing/ControllerDispatcher.php(45): Illuminate\\Routing\\Controller->callAction('__invoke', Array)
#14 /Users/i343623/OneDrive - České vysoké učení technické v Praze/Laravel/untitled4/vendor/laravel/framework/src/Illuminate/Routing/Route.php(219): Illuminate\\Routing\\ControllerDispatcher->dispatch(Object(Illuminate\\Routing\\Route), Object(App\\Http\\Controllers\\WelcomeController), '__invoke')
#15 /Users/i343623/OneDrive - České vysoké učení technické v Praze/Laravel/untitled4/vendor/laravel/framework/src/Illuminate/Routing/Route.php(176): Illuminate\\Routing\\Route->runController()
#16 /Users/i343623/OneDrive - České vysoké učení technické v Praze/Laravel/untitled4/vendor/laravel/framework/src/Illuminate/Routing/Router.php(681): Illuminate\\Routing\\Route->run()
#17 /Users/i343623/OneDrive - České vysoké učení technické v Praze/Laravel/untitled4/vendor/laravel/framework/src/Illuminate/Pipeline/Pipeline.php(130): Illuminate\\Routing\\Router->Illuminate\\Routing\\{closure}(Object(Illuminate\\Http\\Request))
#18 /Users/i343623/OneDrive - České vysoké učení technické v Praze/Laravel/untitled4/vendor/laravel/framework/src/Illuminate/Routing/Middleware/SubstituteBindings.php(41): Illuminate\\Pipeline\\Pipeline->Illuminate\\Pipeline\\{closure}(Object(Illuminate\\Http\\Request))
#19 /Users/i343623/OneDrive - České vysoké učení technické v Praze/Laravel/untitled4/vendor/laravel/framework/src/Illuminate/Pipeline/Pipeline.php(171): Illuminate\\Routing\\Middleware\\SubstituteBindings->handle(Object(Illuminate\\Http\\Request), Object(Closure))
#20 /Users/i343623/OneDrive - České vysoké učení technické v Praze/Laravel/untitled4/vendor/laravel/framework/src/Illuminate/Foundation/Http/Middleware/VerifyCsrfToken.php(76): Illuminate\\Pipeline\\Pipeline->Illuminate\\Pipeline\\{closure}(Object(Illuminate\\Http\\Request))
#21 /Users/i343623/OneDrive - České vysoké učení technické v Praze/Laravel/untitled4/vendor/laravel/framework/src/Illuminate/Pipeline/Pipeline.php(171): Illuminate\\Foundation\\Http\\Middleware\\VerifyCsrfToken->handle(Object(Illuminate\\Http\\Request), Object(Closure))
#22 /Users/i343623/OneDrive - České vysoké učení technické v Praze/Laravel/untitled4/vendor/laravel/framework/src/Illuminate/View/Middleware/ShareErrorsFromSession.php(49): Illuminate\\Pipeline\\Pipeline->Illuminate\\Pipeline\\{closure}(Object(Illuminate\\Http\\Request))
#23 /Users/i343623/OneDrive - České vysoké učení technické v Praze/Laravel/untitled4/vendor/laravel/framework/src/Illuminate/Pipeline/Pipeline.php(171): Illuminate\\View\\Middleware\\ShareErrorsFromSession->handle(Object(Illuminate\\Http\\Request), Object(Closure))
#24 /Users/i343623/OneDrive - České vysoké učení technické v Praze/Laravel/untitled4/vendor/laravel/framework/src/Illuminate/Session/Middleware/StartSession.php(56): Illuminate\\Pipeline\\Pipeline->Illuminate\\Pipeline\\{closure}(Object(Illuminate\\Http\\Request))
#25 /Users/i343623/OneDrive - České vysoké učení technické v Praze/Laravel/untitled4/vendor/laravel/framework/src/Illuminate/Pipeline/Pipeline.php(171): Illuminate\\Session\\Middleware\\StartSession->handle(Object(Illuminate\\Http\\Request), Object(Closure))
#26 /Users/i343623/OneDrive - České vysoké učení technické v Praze/Laravel/untitled4/vendor/laravel/framework/src/Illuminate/Cookie/Middleware/AddQueuedCookiesToResponse.php(37): Illuminate\\Pipeline\\Pipeline->Illuminate\\Pipeline\\{closure}(Object(Illuminate\\Http\\Request))
#27 /Users/i343623/OneDrive - České vysoké učení technické v Praze/Laravel/untitled4/vendor/laravel/framework/src/Illuminate/Pipeline/Pipeline.php(171): Illuminate\\Cookie\\Middleware\\AddQueuedCookiesToResponse->handle(Object(Illuminate\\Http\\Request), Object(Closure))
#28 /Users/i343623/OneDrive - České vysoké učení technické v Praze/Laravel/untitled4/vendor/laravel/framework/src/Illuminate/Cookie/Middleware/EncryptCookies.php(66): Illuminate\\Pipeline\\Pipeline->Illuminate\\Pipeline\\{closure}(Object(Illuminate\\Http\\Request))
#29 /Users/i343623/OneDrive - České vysoké učení technické v Praze/Laravel/untitled4/vendor/laravel/framework/src/Illuminate/Pipeline/Pipeline.php(171): Illuminate\\Cookie\\Middleware\\EncryptCookies->handle(Object(Illuminate\\Http\\Request), Object(Closure))
#30 /Users/i343623/OneDrive - České vysoké učení technické v Praze/Laravel/untitled4/vendor/laravel/framework/src/Illuminate/Pipeline/Pipeline.php(105): Illuminate\\Pipeline\\Pipeline->Illuminate\\Pipeline\\{closure}(Object(Illuminate\\Http\\Request))
#31 /Users/i343623/OneDrive - České vysoké učení technické v Praze/Laravel/untitled4/vendor/laravel/framework/src/Illuminate/Routing/Router.php(683): Illuminate\\Pipeline\\Pipeline->then(Object(Closure))
#32 /Users/i343623/OneDrive - České vysoké učení technické v Praze/Laravel/untitled4/vendor/laravel/framework/src/Illuminate/Routing/Router.php(658): Illuminate\\Routing\\Router->runRouteWithinStack(Object(Illuminate\\Routing\\Route), Object(Illuminate\\Http\\Request))
#33 /Users/i343623/OneDrive - České vysoké učení technické v Praze/Laravel/untitled4/vendor/laravel/framework/src/Illuminate/Routing/Router.php(624): Illuminate\\Routing\\Router->runRoute(Object(Illuminate\\Http\\Request), Object(Illuminate\\Routing\\Route))
#34 /Users/i343623/OneDrive - České vysoké učení technické v Praze/Laravel/untitled4/vendor/laravel/framework/src/Illuminate/Routing/Router.php(613): Illuminate\\Routing\\Router->dispatchToRoute(Object(Illuminate\\Http\\Request))
#35 /Users/i343623/OneDrive - České vysoké učení technické v Praze/Laravel/untitled4/vendor/laravel/framework/src/Illuminate/Foundation/Http/Kernel.php(170): Illuminate\\Routing\\Router->dispatch(Object(Illuminate\\Http\\Request))
#36 /Users/i343623/OneDrive - České vysoké učení technické v Praze/Laravel/untitled4/vendor/laravel/framework/src/Illuminate/Pipeline/Pipeline.php(130): Illuminate\\Foundation\\Http\\Kernel->Illuminate\\Foundation\\Http\\{closure}(Object(Illuminate\\Http\\Request))
#37 /Users/i343623/OneDrive - České vysoké učení technické v Praze/Laravel/untitled4/vendor/laravel/framework/src/Illuminate/Foundation/Http/Middleware/TransformsRequest.php(21): Illuminate\\Pipeline\\Pipeline->Illuminate\\Pipeline\\{closure}(Object(Illuminate\\Http\\Request))
#38 /Users/i343623/OneDrive - České vysoké učení technické v Praze/Laravel/untitled4/vendor/laravel/framework/src/Illuminate/Pipeline/Pipeline.php(171): Illuminate\\Foundation\\Http\\Middleware\\TransformsRequest->handle(Object(Illuminate\\Http\\Request), Object(Closure))
#39 /Users/i343623/OneDrive - České vysoké učení technické v Praze/Laravel/untitled4/vendor/laravel/framework/src/Illuminate/Foundation/Http/Middleware/TransformsRequest.php(21): Illuminate\\Pipeline\\Pipeline->Illuminate\\Pipeline\\{closure}(Object(Illuminate\\Http\\Request))
#40 /Users/i343623/OneDrive - České vysoké učení technické v Praze/Laravel/untitled4/vendor/laravel/framework/src/Illuminate/Pipeline/Pipeline.php(171): Illuminate\\Foundation\\Http\\Middleware\\TransformsRequest->handle(Object(Illuminate\\Http\\Request), Object(Closure))
#41 /Users/i343623/OneDrive - České vysoké učení technické v Praze/Laravel/untitled4/vendor/laravel/framework/src/Illuminate/Foundation/Http/Middleware/ValidatePostSize.php(27): Illuminate\\Pipeline\\Pipeline->Illuminate\\Pipeline\\{closure}(Object(Illuminate\\Http\\Request))
#42 /Users/i343623/OneDrive - České vysoké učení technické v Praze/Laravel/untitled4/vendor/laravel/framework/src/Illuminate/Pipeline/Pipeline.php(171): Illuminate\\Foundation\\Http\\Middleware\\ValidatePostSize->handle(Object(Illuminate\\Http\\Request), Object(Closure))
#43 /Users/i343623/OneDrive - České vysoké učení technické v Praze/Laravel/untitled4/vendor/laravel/framework/src/Illuminate/Foundation/Http/Middleware/CheckForMaintenanceMode.php(63): Illuminate\\Pipeline\\Pipeline->Illuminate\\Pipeline\\{closure}(Object(Illuminate\\Http\\Request))
#44 /Users/i343623/OneDrive - České vysoké učení technické v Praze/Laravel/untitled4/vendor/laravel/framework/src/Illuminate/Pipeline/Pipeline.php(171): Illuminate\\Foundation\\Http\\Middleware\\CheckForMaintenanceMode->handle(Object(Illuminate\\Http\\Request), Object(Closure))
#45 /Users/i343623/OneDrive - České vysoké učení technické v Praze/Laravel/untitled4/vendor/fideloper/proxy/src/TrustProxies.php(57): Illuminate\\Pipeline\\Pipeline->Illuminate\\Pipeline\\{closure}(Object(Illuminate\\Http\\Request))
#46 /Users/i343623/OneDrive - České vysoké učení technické v Praze/Laravel/untitled4/vendor/laravel/framework/src/Illuminate/Pipeline/Pipeline.php(171): Fideloper\\Proxy\\TrustProxies->handle(Object(Illuminate\\Http\\Request), Object(Closure))
#47 /Users/i343623/OneDrive - České vysoké učení technické v Praze/Laravel/untitled4/vendor/laravel/framework/src/Illuminate/Pipeline/Pipeline.php(105): Illuminate\\Pipeline\\Pipeline->Illuminate\\Pipeline\\{closure}(Object(Illuminate\\Http\\Request))
#48 /Users/i343623/OneDrive - České vysoké učení technické v Praze/Laravel/untitled4/vendor/laravel/framework/src/Illuminate/Foundation/Http/Kernel.php(145): Illuminate\\Pipeline\\Pipeline->then(Object(Closure))
#49 /Users/i343623/OneDrive - České vysoké učení technické v Praze/Laravel/untitled4/vendor/laravel/framework/src/Illuminate/Foundation/Http/Kernel.php(110): Illuminate\\Foundation\\Http\\Kernel->sendRequestThroughRouter(Object(Illuminate\\Http\\Request))
#50 /Users/i343623/OneDrive - České vysoké učení technické v Praze/Laravel/untitled4/public/index.php(55): Illuminate\\Foundation\\Http\\Kernel->handle(Object(Illuminate\\Http\\Request))
#51 /Users/i343623/OneDrive - České vysoké učení technické v Praze/Laravel/untitled4/server.php(21): require_once('/Users/i343623/...')
#52 {main}

[previous exception] [object] (PDOException(code: 2002): SQLSTATE[HY000] [2002] Connection refused at /Users/i343623/OneDrive - České vysoké učení technické v Praze/Laravel/untitled4/vendor/laravel/framework/src/Illuminate/Database/Connectors/Connector.php:70)
[stacktrace]
#0 /Users/i343623/OneDrive - České vysoké učení technické v Praze/Laravel/untitled4/vendor/laravel/framework/src/Illuminate/Database/Connectors/Connector.php(70): PDO->__construct('mysql:host=127....', 'root', '', Array)
#1 /Users/i343623/OneDrive - České vysoké učení technické v Praze/Laravel/untitled4/vendor/laravel/framework/src/Illuminate/Database/Connectors/Connector.php(100): Illuminate\\Database\\Connectors\\Connector->createPdoConnection('mysql:host=127....', 'root', '', Array)
#2 /Users/i343623/OneDrive - České vysoké učení technické v Praze/Laravel/untitled4/vendor/laravel/framework/src/Illuminate/Database/Connectors/Connector.php(50): Illuminate\\Database\\Connectors\\Connector->tryAgainIfCausedByLostConnection(Object(PDOException), 'mysql:host=127....', 'root', '', Array)
#3 /Users/i343623/OneDrive - České vysoké učení technické v Praze/Laravel/untitled4/vendor/laravel/framework/src/Illuminate/Database/Connectors/MySqlConnector.php(24): Illuminate\\Database\\Connectors\\Connector->createConnection('mysql:host=127....', Array, Array)
#4 /Users/i343623/OneDrive - České vysoké učení technické v Praze/Laravel/untitled4/vendor/laravel/framework/src/Illuminate/Database/Connectors/ConnectionFactory.php(182): Illuminate\\Database\\Connectors\\MySqlConnector->connect(Array)
#5 [internal function]: Illuminate\\Database\\Connectors\\ConnectionFactory->Illuminate\\Database\\Connectors\\{closure}()
#6 /Users/i343623/OneDrive - České vysoké učení technické v Praze/Laravel/untitled4/vendor/laravel/framework/src/Illuminate/Database/Connection.php(924): call_user_func(Object(Closure))
#7 /Users/i343623/OneDrive - České vysoké učení technické v Praze/Laravel/untitled4/vendor/laravel/framework/src/Illuminate/Database/Connection.php(959): Illuminate\\Database\\Connection->getPdo()
#8 /Users/i343623/OneDrive - České vysoké učení technické v Praze/Laravel/untitled4/vendor/laravel/framework/src/Illuminate/Database/Connection.php(404): Illuminate\\Database\\Connection->getReadPdo()
#9 /Users/i343623/OneDrive - České vysoké učení technické v Praze/Laravel/untitled4/vendor/laravel/framework/src/Illuminate/Database/Connection.php(330): Illuminate\\Database\\Connection->getPdoForSelect(true)
#10 /Users/i343623/OneDrive - České vysoké učení technické v Praze/Laravel/untitled4/vendor/laravel/framework/src/Illuminate/Database/Connection.php(662): Illuminate\\Database\\Connection->Illuminate\\Database\\{closure}('select * from `...', Array)
#11 /Users/i343623/OneDrive - České vysoké učení technické v Praze/Laravel/untitled4/vendor/laravel/framework/src/Illuminate/Database/Connection.php(743): Illuminate\\Database\\Connection->runQueryCallback('select * from `...', Array, Object(Closure))
#12 /Users/i343623/OneDrive - České vysoké učení technické v Praze/Laravel/untitled4/vendor/laravel/framework/src/Illuminate/Database/Connection.php(723): Illuminate\\Database\\Connection->tryAgainIfCausedByLostConnection(Object(Illuminate\\Database\\QueryException), 'select * from `...', Array, Object(Closure))
#13 /Users/i343623/OneDrive - České vysoké učení technické v Praze/Laravel/untitled4/vendor/laravel/framework/src/Illuminate/Database/Connection.php(632): Illuminate\\Database\\Connection->handleQueryException(Object(Illuminate\\Database\\QueryException), 'select * from `...', Array, Object(Closure))
#14 /Users/i343623/OneDrive - České vysoké učení technické v Praze/Laravel/untitled4/vendor/laravel/framework/src/Illuminate/Database/Connection.php(338): Illuminate\\Database\\Connection->run('select * from `...', Array, Object(Closure))
#15 /Users/i343623/OneDrive - České vysoké učení technické v Praze/Laravel/untitled4/vendor/laravel/framework/src/Illuminate/Database/Query/Builder.php(2149): Illuminate\\Database\\Connection->select('select * from `...', Array, true)
#16 /Users/i343623/OneDrive - České vysoké učení technické v Praze/Laravel/untitled4/vendor/laravel/framework/src/Illuminate/Database/Query/Builder.php(2137): Illuminate\\Database\\Query\\Builder->runSelect()
#17 /Users/i343623/OneDrive - České vysoké učení technické v Praze/Laravel/untitled4/vendor/laravel/framework/src/Illuminate/Database/Query/Builder.php(2609): Illuminate\\Database\\Query\\Builder->Illuminate\\Database\\Query\\{closure}()
#18 /Users/i343623/OneDrive - České vysoké učení technické v Praze/Laravel/untitled4/vendor/laravel/framework/src/Illuminate/Database/Query/Builder.php(2138): Illuminate\\Database\\Query\\Builder->onceWithColumns(Array, Object(Closure))
#19 /Users/i343623/OneDrive - České vysoké učení technické v Praze/Laravel/untitled4/vendor/laravel/framework/src/Illuminate/Database/Eloquent/Builder.php(537): Illuminate\\Database\\Query\\Builder->get(Array)
#20 /Users/i343623/OneDrive - České vysoké učení technické v Praze/Laravel/untitled4/vendor/laravel/framework/src/Illuminate/Database/Eloquent/Builder.php(521): Illuminate\\Database\\Eloquent\\Builder->getModels(Array)
#21 /Users/i343623/OneDrive - České vysoké učení technické v Praze/Laravel/untitled4/app/Http/Controllers/WelcomeController.php(19): Illuminate\\Database\\Eloquent\\Builder->get()
#22 [internal function]: App\\Http\\Controllers\\WelcomeController->__invoke(Object(Illuminate\\Http\\Request))
#23 /Users/i343623/OneDrive - České vysoké učení technické v Praze/Laravel/untitled4/vendor/laravel/framework/src/Illuminate/Routing/Controller.php(54): call_user_func_array(Array, Array)
#24 /Users/i343623/OneDrive - České vysoké učení technické v Praze/Laravel/untitled4/vendor/laravel/framework/src/Illuminate/Routing/ControllerDispatcher.php(45): Illuminate\\Routing\\Controller->callAction('__invoke', Array)
#25 /Users/i343623/OneDrive - České vysoké učení technické v Praze/Laravel/untitled4/vendor/laravel/framework/src/Illuminate/Routing/Route.php(219): Illuminate\\Routing\\ControllerDispatcher->dispatch(Object(Illuminate\\Routing\\Route), Object(App\\Http\\Controllers\\WelcomeController), '__invoke')
#26 /Users/i343623/OneDrive - České vysoké učení technické v Praze/Laravel/untitled4/vendor/laravel/framework/src/Illuminate/Routing/Route.php(176): Illuminate\\Routing\\Route->runController()
#27 /Users/i343623/OneDrive - České vysoké učení technické v Praze/Laravel/untitled4/vendor/laravel/framework/src/Illuminate/Routing/Router.php(681): Illuminate\\Routing\\Route->run()
#28 /Users/i343623/OneDrive - České vysoké učení technické v Praze/Laravel/untitled4/vendor/laravel/framework/src/Illuminate/Pipeline/Pipeline.php(130): Illuminate\\Routing\\Router->Illuminate\\Routing\\{closure}(Object(Illuminate\\Http\\Request))
#29 /Users/i343623/OneDrive - České vysoké učení technické v Praze/Laravel/untitled4/vendor/laravel/framework/src/Illuminate/Routing/Middleware/SubstituteBindings.php(41): Illuminate\\Pipeline\\Pipeline->Illuminate\\Pipeline\\{closure}(Object(Illuminate\\Http\\Request))
#30 /Users/i343623/OneDrive - České vysoké učení technické v Praze/Laravel/untitled4/vendor/laravel/framework/src/Illuminate/Pipeline/Pipeline.php(171): Illuminate\\Routing\\Middleware\\SubstituteBindings->handle(Object(Illuminate\\Http\\Request), Object(Closure))
#31 /Users/i343623/OneDrive - České vysoké učení technické v Praze/Laravel/untitled4/vendor/laravel/framework/src/Illuminate/Foundation/Http/Middleware/VerifyCsrfToken.php(76): Illuminate\\Pipeline\\Pipeline->Illuminate\\Pipeline\\{closure}(Object(Illuminate\\Http\\Request))
#32 /Users/i343623/OneDrive - České vysoké učení technické v Praze/Laravel/untitled4/vendor/laravel/framework/src/Illuminate/Pipeline/Pipeline.php(171): Illuminate\\Foundation\\Http\\Middleware\\VerifyCsrfToken->handle(Object(Illuminate\\Http\\Request), Object(Closure))
#33 /Users/i343623/OneDrive - České vysoké učení technické v Praze/Laravel/untitled4/vendor/laravel/framework/src/Illuminate/View/Middleware/ShareErrorsFromSession.php(49): Illuminate\\Pipeline\\Pipeline->Illuminate\\Pipeline\\{closure}(Object(Illuminate\\Http\\Request))
#34 /Users/i343623/OneDrive - České vysoké učení technické v Praze/Laravel/untitled4/vendor/laravel/framework/src/Illuminate/Pipeline/Pipeline.php(171): Illuminate\\View\\Middleware\\ShareErrorsFromSession->handle(Object(Illuminate\\Http\\Request), Object(Closure))
#35 /Users/i343623/OneDrive - České vysoké učení technické v Praze/Laravel/untitled4/vendor/laravel/framework/src/Illuminate/Session/Middleware/StartSession.php(56): Illuminate\\Pipeline\\Pipeline->Illuminate\\Pipeline\\{closure}(Object(Illuminate\\Http\\Request))
#36 /Users/i343623/OneDrive - České vysoké učení technické v Praze/Laravel/untitled4/vendor/laravel/framework/src/Illuminate/Pipeline/Pipeline.php(171): Illuminate\\Session\\Middleware\\StartSession->handle(Object(Illuminate\\Http\\Request), Object(Closure))
#37 /Users/i343623/OneDrive - České vysoké učení technické v Praze/Laravel/untitled4/vendor/laravel/framework/src/Illuminate/Cookie/Middleware/AddQueuedCookiesToResponse.php(37): Illuminate\\Pipeline\\Pipeline->Illuminate\\Pipeline\\{closure}(Object(Illuminate\\Http\\Request))
#38 /Users/i343623/OneDrive - České vysoké učení technické v Praze/Laravel/untitled4/vendor/laravel/framework/src/Illuminate/Pipeline/Pipeline.php(171): Illuminate\\Cookie\\Middleware\\AddQueuedCookiesToResponse->handle(Object(Illuminate\\Http\\Request), Object(Closure))
#39 /Users/i343623/OneDrive - České vysoké učení technické v Praze/Laravel/untitled4/vendor/laravel/framework/src/Illuminate/Cookie/Middleware/EncryptCookies.php(66): Illuminate\\Pipeline\\Pipeline->Illuminate\\Pipeline\\{closure}(Object(Illuminate\\Http\\Request))
#40 /Users/i343623/OneDrive - České vysoké učení technické v Praze/Laravel/untitled4/vendor/laravel/framework/src/Illuminate/Pipeline/Pipeline.php(171): Illuminate\\Cookie\\Middleware\\EncryptCookies->handle(Object(Illuminate\\Http\\Request), Object(Closure))
#41 /Users/i343623/OneDrive - České vysoké učení technické v Praze/Laravel/untitled4/vendor/laravel/framework/src/Illuminate/Pipeline/Pipeline.php(105): Illuminate\\Pipeline\\Pipeline->Illuminate\\Pipeline\\{closure}(Object(Illuminate\\Http\\Request))
#42 /Users/i343623/OneDrive - České vysoké učení technické v Praze/Laravel/untitled4/vendor/laravel/framework/src/Illuminate/Routing/Router.php(683): Illuminate\\Pipeline\\Pipeline->then(Object(Closure))
#43 /Users/i343623/OneDrive - České vysoké učení technické v Praze/Laravel/untitled4/vendor/laravel/framework/src/Illuminate/Routing/Router.php(658): Illuminate\\Routing\\Router->runRouteWithinStack(Object(Illuminate\\Routing\\Route), Object(Illuminate\\Http\\Request))
#44 /Users/i343623/OneDrive - České vysoké učení technické v Praze/Laravel/untitled4/vendor/laravel/framework/src/Illuminate/Routing/Router.php(624): Illuminate\\Routing\\Router->runRoute(Object(Illuminate\\Http\\Request), Object(Illuminate\\Routing\\Route))
#45 /Users/i343623/OneDrive - České vysoké učení technické v Praze/Laravel/untitled4/vendor/laravel/framework/src/Illuminate/Routing/Router.php(613): Illuminate\\Routing\\Router->dispatchToRoute(Object(Illuminate\\Http\\Request))
#46 /Users/i343623/OneDrive - České vysoké učení technické v Praze/Laravel/untitled4/vendor/laravel/framework/src/Illuminate/Foundation/Http/Kernel.php(170): Illuminate\\Routing\\Router->dispatch(Object(Illuminate\\Http\\Request))
#47 /Users/i343623/OneDrive - České vysoké učení technické v Praze/Laravel/untitled4/vendor/laravel/framework/src/Illuminate/Pipeline/Pipeline.php(130): Illuminate\\Foundation\\Http\\Kernel->Illuminate\\Foundation\\Http\\{closure}(Object(Illuminate\\Http\\Request))
#48 /Users/i343623/OneDrive - České vysoké učení technické v Praze/Laravel/untitled4/vendor/laravel/framework/src/Illuminate/Foundation/Http/Middleware/TransformsRequest.php(21): Illuminate\\Pipeline\\Pipeline->Illuminate\\Pipeline\\{closure}(Object(Illuminate\\Http\\Request))
#49 /Users/i343623/OneDrive - České vysoké učení technické v Praze/Laravel/untitled4/vendor/laravel/framework/src/Illuminate/Pipeline/Pipeline.php(171): Illuminate\\Foundation\\Http\\Middleware\\TransformsRequest->handle(Object(Illuminate\\Http\\Request), Object(Closure))
#50 /Users/i343623/OneDrive - České vysoké učení technické v Praze/Laravel/untitled4/vendor/laravel/framework/src/Illuminate/Foundation/Http/Middleware/TransformsRequest.php(21): Illuminate\\Pipeline\\Pipeline->Illuminate\\Pipeline\\{closure}(Object(Illuminate\\Http\\Request))
#51 /Users/i343623/OneDrive - České vysoké učení technické v Praze/Laravel/untitled4/vendor/laravel/framework/src/Illuminate/Pipeline/Pipeline.php(171): Illuminate\\Foundation\\Http\\Middleware\\TransformsRequest->handle(Object(Illuminate\\Http\\Request), Object(Closure))
#52 /Users/i343623/OneDrive - České vysoké učení technické v Praze/Laravel/untitled4/vendor/laravel/framework/src/Illuminate/Foundation/Http/Middleware/ValidatePostSize.php(27): Illuminate\\Pipeline\\Pipeline->Illuminate\\Pipeline\\{closure}(Object(Illuminate\\Http\\Request))
#53 /Users/i343623/OneDrive - České vysoké učení technické v Praze/Laravel/untitled4/vendor/laravel/framework/src/Illuminate/Pipeline/Pipeline.php(171): Illuminate\\Foundation\\Http\\Middleware\\ValidatePostSize->handle(Object(Illuminate\\Http\\Request), Object(Closure))
#54 /Users/i343623/OneDrive - České vysoké učení technické v Praze/Laravel/untitled4/vendor/laravel/framework/src/Illuminate/Foundation/Http/Middleware/CheckForMaintenanceMode.php(63): Illuminate\\Pipeline\\Pipeline->Illuminate\\Pipeline\\{closure}(Object(Illuminate\\Http\\Request))
#55 /Users/i343623/OneDrive - České vysoké učení technické v Praze/Laravel/untitled4/vendor/laravel/framework/src/Illuminate/Pipeline/Pipeline.php(171): Illuminate\\Foundation\\Http\\Middleware\\CheckForMaintenanceMode->handle(Object(Illuminate\\Http\\Request), Object(Closure))
#56 /Users/i343623/OneDrive - České vysoké učení technické v Praze/Laravel/untitled4/vendor/fideloper/proxy/src/TrustProxies.php(57): Illuminate\\Pipeline\\Pipeline->Illuminate\\Pipeline\\{closure}(Object(Illuminate\\Http\\Request))
#57 /Users/i343623/OneDrive - České vysoké učení technické v Praze/Laravel/untitled4/vendor/laravel/framework/src/Illuminate/Pipeline/Pipeline.php(171): Fideloper\\Proxy\\TrustProxies->handle(Object(Illuminate\\Http\\Request), Object(Closure))
#58 /Users/i343623/OneDrive - České vysoké učení technické v Praze/Laravel/untitled4/vendor/laravel/framework/src/Illuminate/Pipeline/Pipeline.php(105): Illuminate\\Pipeline\\Pipeline->Illuminate\\Pipeline\\{closure}(Object(Illuminate\\Http\\Request))
#59 /Users/i343623/OneDrive - České vysoké učení technické v Praze/Laravel/untitled4/vendor/laravel/framework/src/Illuminate/Foundation/Http/Kernel.php(145): Illuminate\\Pipeline\\Pipeline->then(Object(Closure))
#60 /Users/i343623/OneDrive - České vysoké učení technické v Praze/Laravel/untitled4/vendor/laravel/framework/src/Illuminate/Foundation/Http/Kernel.php(110): Illuminate\\Foundation\\Http\\Kernel->sendRequestThroughRouter(Object(Illuminate\\Http\\Request))
#61 /Users/i343623/OneDrive - České vysoké učení technické v Praze/Laravel/untitled4/public/index.php(55): Illuminate\\Foundation\\Http\\Kernel->handle(Object(Illuminate\\Http\\Request))
#62 /Users/i343623/OneDrive - České vysoké učení technické v Praze/Laravel/untitled4/server.php(21): require_once('/Users/i343623/...')
#63 {main}
"} 
[2020-03-04 20:11:46] local.ERROR: file_put_contents(D:\Jetbrains\PhpstormProjects\untitled4\storage\framework/sessions/IrgP86OwQ4kD4fDGmpe7OCJ9GMpIkTI6CTUKcSvH): failed to open stream: No such file or directory {"exception":"[object] (ErrorException(code: 0): file_put_contents(D:\\Jetbrains\\PhpstormProjects\\untitled4\\storage\\framework/sessions/IrgP86OwQ4kD4fDGmpe7OCJ9GMpIkTI6CTUKcSvH): failed to open stream: No such file or directory at /Users/i343623/OneDrive - České vysoké učení technické v Praze/Laravel/untitled4/vendor/laravel/framework/src/Illuminate/Filesystem/Filesystem.php:133)
[stacktrace]
#0 [internal function]: Illuminate\\Foundation\\Bootstrap\\HandleExceptions->handleError(2, 'file_put_conten...', '/Users/i343623/...', 133, Array)
#1 /Users/i343623/OneDrive - České vysoké učení technické v Praze/Laravel/untitled4/vendor/laravel/framework/src/Illuminate/Filesystem/Filesystem.php(133): file_put_contents('D:\\\\Jetbrains\\\\Ph...', 'a:3:{s:6:\"_toke...', 2)
#2 /Users/i343623/OneDrive - České vysoké učení technické v Praze/Laravel/untitled4/vendor/laravel/framework/src/Illuminate/Session/FileSessionHandler.php(83): Illuminate\\Filesystem\\Filesystem->put('D:\\\\Jetbrains\\\\Ph...', 'a:3:{s:6:\"_toke...', true)
#3 /Users/i343623/OneDrive - České vysoké učení technické v Praze/Laravel/untitled4/vendor/laravel/framework/src/Illuminate/Session/Store.php(129): Illuminate\\Session\\FileSessionHandler->write('IrgP86OwQ4kD4fD...', 'a:3:{s:6:\"_toke...')
#4 /Users/i343623/OneDrive - České vysoké učení technické v Praze/Laravel/untitled4/vendor/laravel/framework/src/Illuminate/Session/Middleware/StartSession.php(170): Illuminate\\Session\\Store->save()
#5 /Users/i343623/OneDrive - České vysoké učení technické v Praze/Laravel/untitled4/vendor/laravel/framework/src/Illuminate/Session/Middleware/StartSession.php(65): Illuminate\\Session\\Middleware\\StartSession->saveSession(Object(Illuminate\\Http\\Request))
#6 /Users/i343623/OneDrive - České vysoké učení technické v Praze/Laravel/untitled4/vendor/laravel/framework/src/Illuminate/Pipeline/Pipeline.php(171): Illuminate\\Session\\Middleware\\StartSession->handle(Object(Illuminate\\Http\\Request), Object(Closure))
#7 /Users/i343623/OneDrive - České vysoké učení technické v Praze/Laravel/untitled4/vendor/laravel/framework/src/Illuminate/Cookie/Middleware/AddQueuedCookiesToResponse.php(37): Illuminate\\Pipeline\\Pipeline->Illuminate\\Pipeline\\{closure}(Object(Illuminate\\Http\\Request))
#8 /Users/i343623/OneDrive - České vysoké učení technické v Praze/Laravel/untitled4/vendor/laravel/framework/src/Illuminate/Pipeline/Pipeline.php(171): Illuminate\\Cookie\\Middleware\\AddQueuedCookiesToResponse->handle(Object(Illuminate\\Http\\Request), Object(Closure))
#9 /Users/i343623/OneDrive - České vysoké učení technické v Praze/Laravel/untitled4/vendor/laravel/framework/src/Illuminate/Cookie/Middleware/EncryptCookies.php(66): Illuminate\\Pipeline\\Pipeline->Illuminate\\Pipeline\\{closure}(Object(Illuminate\\Http\\Request))
#10 /Users/i343623/OneDrive - České vysoké učení technické v Praze/Laravel/untitled4/vendor/laravel/framework/src/Illuminate/Pipeline/Pipeline.php(171): Illuminate\\Cookie\\Middleware\\EncryptCookies->handle(Object(Illuminate\\Http\\Request), Object(Closure))
#11 /Users/i343623/OneDrive - České vysoké učení technické v Praze/Laravel/untitled4/vendor/laravel/framework/src/Illuminate/Pipeline/Pipeline.php(105): Illuminate\\Pipeline\\Pipeline->Illuminate\\Pipeline\\{closure}(Object(Illuminate\\Http\\Request))
#12 /Users/i343623/OneDrive - České vysoké učení technické v Praze/Laravel/untitled4/vendor/laravel/framework/src/Illuminate/Routing/Router.php(683): Illuminate\\Pipeline\\Pipeline->then(Object(Closure))
#13 /Users/i343623/OneDrive - České vysoké učení technické v Praze/Laravel/untitled4/vendor/laravel/framework/src/Illuminate/Routing/Router.php(658): Illuminate\\Routing\\Router->runRouteWithinStack(Object(Illuminate\\Routing\\Route), Object(Illuminate\\Http\\Request))
#14 /Users/i343623/OneDrive - České vysoké učení technické v Praze/Laravel/untitled4/vendor/laravel/framework/src/Illuminate/Routing/Router.php(624): Illuminate\\Routing\\Router->runRoute(Object(Illuminate\\Http\\Request), Object(Illuminate\\Routing\\Route))
#15 /Users/i343623/OneDrive - České vysoké učení technické v Praze/Laravel/untitled4/vendor/laravel/framework/src/Illuminate/Routing/Router.php(613): Illuminate\\Routing\\Router->dispatchToRoute(Object(Illuminate\\Http\\Request))
#16 /Users/i343623/OneDrive - České vysoké učení technické v Praze/Laravel/untitled4/vendor/laravel/framework/src/Illuminate/Foundation/Http/Kernel.php(170): Illuminate\\Routing\\Router->dispatch(Object(Illuminate\\Http\\Request))
#17 /Users/i343623/OneDrive - České vysoké učení technické v Praze/Laravel/untitled4/vendor/laravel/framework/src/Illuminate/Pipeline/Pipeline.php(130): Illuminate\\Foundation\\Http\\Kernel->Illuminate\\Foundation\\Http\\{closure}(Object(Illuminate\\Http\\Request))
#18 /Users/i343623/OneDrive - České vysoké učení technické v Praze/Laravel/untitled4/vendor/laravel/framework/src/Illuminate/Foundation/Http/Middleware/TransformsRequest.php(21): Illuminate\\Pipeline\\Pipeline->Illuminate\\Pipeline\\{closure}(Object(Illuminate\\Http\\Request))
#19 /Users/i343623/OneDrive - České vysoké učení technické v Praze/Laravel/untitled4/vendor/laravel/framework/src/Illuminate/Pipeline/Pipeline.php(171): Illuminate\\Foundation\\Http\\Middleware\\TransformsRequest->handle(Object(Illuminate\\Http\\Request), Object(Closure))
#20 /Users/i343623/OneDrive - České vysoké učení technické v Praze/Laravel/untitled4/vendor/laravel/framework/src/Illuminate/Foundation/Http/Middleware/TransformsRequest.php(21): Illuminate\\Pipeline\\Pipeline->Illuminate\\Pipeline\\{closure}(Object(Illuminate\\Http\\Request))
#21 /Users/i343623/OneDrive - České vysoké učení technické v Praze/Laravel/untitled4/vendor/laravel/framework/src/Illuminate/Pipeline/Pipeline.php(171): Illuminate\\Foundation\\Http\\Middleware\\TransformsRequest->handle(Object(Illuminate\\Http\\Request), Object(Closure))
#22 /Users/i343623/OneDrive - České vysoké učení technické v Praze/Laravel/untitled4/vendor/laravel/framework/src/Illuminate/Foundation/Http/Middleware/ValidatePostSize.php(27): Illuminate\\Pipeline\\Pipeline->Illuminate\\Pipeline\\{closure}(Object(Illuminate\\Http\\Request))
#23 /Users/i343623/OneDrive - České vysoké učení technické v Praze/Laravel/untitled4/vendor/laravel/framework/src/Illuminate/Pipeline/Pipeline.php(171): Illuminate\\Foundation\\Http\\Middleware\\ValidatePostSize->handle(Object(Illuminate\\Http\\Request), Object(Closure))
#24 /Users/i343623/OneDrive - České vysoké učení technické v Praze/Laravel/untitled4/vendor/laravel/framework/src/Illuminate/Foundation/Http/Middleware/CheckForMaintenanceMode.php(63): Illuminate\\Pipeline\\Pipeline->Illuminate\\Pipeline\\{closure}(Object(Illuminate\\Http\\Request))
#25 /Users/i343623/OneDrive - České vysoké učení technické v Praze/Laravel/untitled4/vendor/laravel/framework/src/Illuminate/Pipeline/Pipeline.php(171): Illuminate\\Foundation\\Http\\Middleware\\CheckForMaintenanceMode->handle(Object(Illuminate\\Http\\Request), Object(Closure))
#26 /Users/i343623/OneDrive - České vysoké učení technické v Praze/Laravel/untitled4/vendor/fideloper/proxy/src/TrustProxies.php(57): Illuminate\\Pipeline\\Pipeline->Illuminate\\Pipeline\\{closure}(Object(Illuminate\\Http\\Request))
#27 /Users/i343623/OneDrive - České vysoké učení technické v Praze/Laravel/untitled4/vendor/laravel/framework/src/Illuminate/Pipeline/Pipeline.php(171): Fideloper\\Proxy\\TrustProxies->handle(Object(Illuminate\\Http\\Request), Object(Closure))
#28 /Users/i343623/OneDrive - České vysoké učení technické v Praze/Laravel/untitled4/vendor/laravel/framework/src/Illuminate/Pipeline/Pipeline.php(105): Illuminate\\Pipeline\\Pipeline->Illuminate\\Pipeline\\{closure}(Object(Illuminate\\Http\\Request))
#29 /Users/i343623/OneDrive - České vysoké učení technické v Praze/Laravel/untitled4/vendor/laravel/framework/src/Illuminate/Foundation/Http/Kernel.php(145): Illuminate\\Pipeline\\Pipeline->then(Object(Closure))
#30 /Users/i343623/OneDrive - České vysoké učení technické v Praze/Laravel/untitled4/vendor/laravel/framework/src/Illuminate/Foundation/Http/Kernel.php(110): Illuminate\\Foundation\\Http\\Kernel->sendRequestThroughRouter(Object(Illuminate\\Http\\Request))
#31 /Users/i343623/OneDrive - České vysoké učení technické v Praze/Laravel/untitled4/public/index.php(55): Illuminate\\Foundation\\Http\\Kernel->handle(Object(Illuminate\\Http\\Request))
#32 /Users/i343623/OneDrive - České vysoké učení technické v Praze/Laravel/untitled4/server.php(21): require_once('/Users/i343623/...')
#33 {main}
"} 
[2020-03-04 20:12:16] local.ERROR: SQLSTATE[HY000] [2002] Connection refused (SQL: select * from `articles` order by `created_at` desc) {"exception":"[object] (Illuminate\\Database\\QueryException(code: 2002): SQLSTATE[HY000] [2002] Connection refused (SQL: select * from `articles` order by `created_at` desc) at /Users/i343623/OneDrive - České vysoké učení technické v Praze/Laravel/untitled4/vendor/laravel/framework/src/Illuminate/Database/Connection.php:669)
[stacktrace]
#0 /Users/i343623/OneDrive - České vysoké učení technické v Praze/Laravel/untitled4/vendor/laravel/framework/src/Illuminate/Database/Connection.php(743): Illuminate\\Database\\Connection->runQueryCallback('select * from `...', Array, Object(Closure))
#1 /Users/i343623/OneDrive - České vysoké učení technické v Praze/Laravel/untitled4/vendor/laravel/framework/src/Illuminate/Database/Connection.php(723): Illuminate\\Database\\Connection->tryAgainIfCausedByLostConnection(Object(Illuminate\\Database\\QueryException), 'select * from `...', Array, Object(Closure))
#2 /Users/i343623/OneDrive - České vysoké učení technické v Praze/Laravel/untitled4/vendor/laravel/framework/src/Illuminate/Database/Connection.php(632): Illuminate\\Database\\Connection->handleQueryException(Object(Illuminate\\Database\\QueryException), 'select * from `...', Array, Object(Closure))
#3 /Users/i343623/OneDrive - České vysoké učení technické v Praze/Laravel/untitled4/vendor/laravel/framework/src/Illuminate/Database/Connection.php(338): Illuminate\\Database\\Connection->run('select * from `...', Array, Object(Closure))
#4 /Users/i343623/OneDrive - České vysoké učení technické v Praze/Laravel/untitled4/vendor/laravel/framework/src/Illuminate/Database/Query/Builder.php(2149): Illuminate\\Database\\Connection->select('select * from `...', Array, true)
#5 /Users/i343623/OneDrive - České vysoké učení technické v Praze/Laravel/untitled4/vendor/laravel/framework/src/Illuminate/Database/Query/Builder.php(2137): Illuminate\\Database\\Query\\Builder->runSelect()
#6 /Users/i343623/OneDrive - České vysoké učení technické v Praze/Laravel/untitled4/vendor/laravel/framework/src/Illuminate/Database/Query/Builder.php(2609): Illuminate\\Database\\Query\\Builder->Illuminate\\Database\\Query\\{closure}()
#7 /Users/i343623/OneDrive - České vysoké učení technické v Praze/Laravel/untitled4/vendor/laravel/framework/src/Illuminate/Database/Query/Builder.php(2138): Illuminate\\Database\\Query\\Builder->onceWithColumns(Array, Object(Closure))
#8 /Users/i343623/OneDrive - České vysoké učení technické v Praze/Laravel/untitled4/vendor/laravel/framework/src/Illuminate/Database/Eloquent/Builder.php(537): Illuminate\\Database\\Query\\Builder->get(Array)
#9 /Users/i343623/OneDrive - České vysoké učení technické v Praze/Laravel/untitled4/vendor/laravel/framework/src/Illuminate/Database/Eloquent/Builder.php(521): Illuminate\\Database\\Eloquent\\Builder->getModels(Array)
#10 /Users/i343623/OneDrive - České vysoké učení technické v Praze/Laravel/untitled4/app/Http/Controllers/WelcomeController.php(19): Illuminate\\Database\\Eloquent\\Builder->get()
#11 [internal function]: App\\Http\\Controllers\\WelcomeController->__invoke(Object(Illuminate\\Http\\Request))
#12 /Users/i343623/OneDrive - České vysoké učení technické v Praze/Laravel/untitled4/vendor/laravel/framework/src/Illuminate/Routing/Controller.php(54): call_user_func_array(Array, Array)
#13 /Users/i343623/OneDrive - České vysoké učení technické v Praze/Laravel/untitled4/vendor/laravel/framework/src/Illuminate/Routing/ControllerDispatcher.php(45): Illuminate\\Routing\\Controller->callAction('__invoke', Array)
#14 /Users/i343623/OneDrive - České vysoké učení technické v Praze/Laravel/untitled4/vendor/laravel/framework/src/Illuminate/Routing/Route.php(219): Illuminate\\Routing\\ControllerDispatcher->dispatch(Object(Illuminate\\Routing\\Route), Object(App\\Http\\Controllers\\WelcomeController), '__invoke')
#15 /Users/i343623/OneDrive - České vysoké učení technické v Praze/Laravel/untitled4/vendor/laravel/framework/src/Illuminate/Routing/Route.php(176): Illuminate\\Routing\\Route->runController()
#16 /Users/i343623/OneDrive - České vysoké učení technické v Praze/Laravel/untitled4/vendor/laravel/framework/src/Illuminate/Routing/Router.php(681): Illuminate\\Routing\\Route->run()
#17 /Users/i343623/OneDrive - České vysoké učení technické v Praze/Laravel/untitled4/vendor/laravel/framework/src/Illuminate/Pipeline/Pipeline.php(130): Illuminate\\Routing\\Router->Illuminate\\Routing\\{closure}(Object(Illuminate\\Http\\Request))
#18 /Users/i343623/OneDrive - České vysoké učení technické v Praze/Laravel/untitled4/vendor/laravel/framework/src/Illuminate/Routing/Middleware/SubstituteBindings.php(41): Illuminate\\Pipeline\\Pipeline->Illuminate\\Pipeline\\{closure}(Object(Illuminate\\Http\\Request))
#19 /Users/i343623/OneDrive - České vysoké učení technické v Praze/Laravel/untitled4/vendor/laravel/framework/src/Illuminate/Pipeline/Pipeline.php(171): Illuminate\\Routing\\Middleware\\SubstituteBindings->handle(Object(Illuminate\\Http\\Request), Object(Closure))
#20 /Users/i343623/OneDrive - České vysoké učení technické v Praze/Laravel/untitled4/vendor/laravel/framework/src/Illuminate/Foundation/Http/Middleware/VerifyCsrfToken.php(76): Illuminate\\Pipeline\\Pipeline->Illuminate\\Pipeline\\{closure}(Object(Illuminate\\Http\\Request))
#21 /Users/i343623/OneDrive - České vysoké učení technické v Praze/Laravel/untitled4/vendor/laravel/framework/src/Illuminate/Pipeline/Pipeline.php(171): Illuminate\\Foundation\\Http\\Middleware\\VerifyCsrfToken->handle(Object(Illuminate\\Http\\Request), Object(Closure))
#22 /Users/i343623/OneDrive - České vysoké učení technické v Praze/Laravel/untitled4/vendor/laravel/framework/src/Illuminate/View/Middleware/ShareErrorsFromSession.php(49): Illuminate\\Pipeline\\Pipeline->Illuminate\\Pipeline\\{closure}(Object(Illuminate\\Http\\Request))
#23 /Users/i343623/OneDrive - České vysoké učení technické v Praze/Laravel/untitled4/vendor/laravel/framework/src/Illuminate/Pipeline/Pipeline.php(171): Illuminate\\View\\Middleware\\ShareErrorsFromSession->handle(Object(Illuminate\\Http\\Request), Object(Closure))
#24 /Users/i343623/OneDrive - České vysoké učení technické v Praze/Laravel/untitled4/vendor/laravel/framework/src/Illuminate/Session/Middleware/StartSession.php(56): Illuminate\\Pipeline\\Pipeline->Illuminate\\Pipeline\\{closure}(Object(Illuminate\\Http\\Request))
#25 /Users/i343623/OneDrive - České vysoké učení technické v Praze/Laravel/untitled4/vendor/laravel/framework/src/Illuminate/Pipeline/Pipeline.php(171): Illuminate\\Session\\Middleware\\StartSession->handle(Object(Illuminate\\Http\\Request), Object(Closure))
#26 /Users/i343623/OneDrive - České vysoké učení technické v Praze/Laravel/untitled4/vendor/laravel/framework/src/Illuminate/Cookie/Middleware/AddQueuedCookiesToResponse.php(37): Illuminate\\Pipeline\\Pipeline->Illuminate\\Pipeline\\{closure}(Object(Illuminate\\Http\\Request))
#27 /Users/i343623/OneDrive - České vysoké učení technické v Praze/Laravel/untitled4/vendor/laravel/framework/src/Illuminate/Pipeline/Pipeline.php(171): Illuminate\\Cookie\\Middleware\\AddQueuedCookiesToResponse->handle(Object(Illuminate\\Http\\Request), Object(Closure))
#28 /Users/i343623/OneDrive - České vysoké učení technické v Praze/Laravel/untitled4/vendor/laravel/framework/src/Illuminate/Cookie/Middleware/EncryptCookies.php(66): Illuminate\\Pipeline\\Pipeline->Illuminate\\Pipeline\\{closure}(Object(Illuminate\\Http\\Request))
#29 /Users/i343623/OneDrive - České vysoké učení technické v Praze/Laravel/untitled4/vendor/laravel/framework/src/Illuminate/Pipeline/Pipeline.php(171): Illuminate\\Cookie\\Middleware\\EncryptCookies->handle(Object(Illuminate\\Http\\Request), Object(Closure))
#30 /Users/i343623/OneDrive - České vysoké učení technické v Praze/Laravel/untitled4/vendor/laravel/framework/src/Illuminate/Pipeline/Pipeline.php(105): Illuminate\\Pipeline\\Pipeline->Illuminate\\Pipeline\\{closure}(Object(Illuminate\\Http\\Request))
#31 /Users/i343623/OneDrive - České vysoké učení technické v Praze/Laravel/untitled4/vendor/laravel/framework/src/Illuminate/Routing/Router.php(683): Illuminate\\Pipeline\\Pipeline->then(Object(Closure))
#32 /Users/i343623/OneDrive - České vysoké učení technické v Praze/Laravel/untitled4/vendor/laravel/framework/src/Illuminate/Routing/Router.php(658): Illuminate\\Routing\\Router->runRouteWithinStack(Object(Illuminate\\Routing\\Route), Object(Illuminate\\Http\\Request))
#33 /Users/i343623/OneDrive - České vysoké učení technické v Praze/Laravel/untitled4/vendor/laravel/framework/src/Illuminate/Routing/Router.php(624): Illuminate\\Routing\\Router->runRoute(Object(Illuminate\\Http\\Request), Object(Illuminate\\Routing\\Route))
#34 /Users/i343623/OneDrive - České vysoké učení technické v Praze/Laravel/untitled4/vendor/laravel/framework/src/Illuminate/Routing/Router.php(613): Illuminate\\Routing\\Router->dispatchToRoute(Object(Illuminate\\Http\\Request))
#35 /Users/i343623/OneDrive - České vysoké učení technické v Praze/Laravel/untitled4/vendor/laravel/framework/src/Illuminate/Foundation/Http/Kernel.php(170): Illuminate\\Routing\\Router->dispatch(Object(Illuminate\\Http\\Request))
#36 /Users/i343623/OneDrive - České vysoké učení technické v Praze/Laravel/untitled4/vendor/laravel/framework/src/Illuminate/Pipeline/Pipeline.php(130): Illuminate\\Foundation\\Http\\Kernel->Illuminate\\Foundation\\Http\\{closure}(Object(Illuminate\\Http\\Request))
#37 /Users/i343623/OneDrive - České vysoké učení technické v Praze/Laravel/untitled4/vendor/laravel/framework/src/Illuminate/Foundation/Http/Middleware/TransformsRequest.php(21): Illuminate\\Pipeline\\Pipeline->Illuminate\\Pipeline\\{closure}(Object(Illuminate\\Http\\Request))
#38 /Users/i343623/OneDrive - České vysoké učení technické v Praze/Laravel/untitled4/vendor/laravel/framework/src/Illuminate/Pipeline/Pipeline.php(171): Illuminate\\Foundation\\Http\\Middleware\\TransformsRequest->handle(Object(Illuminate\\Http\\Request), Object(Closure))
#39 /Users/i343623/OneDrive - České vysoké učení technické v Praze/Laravel/untitled4/vendor/laravel/framework/src/Illuminate/Foundation/Http/Middleware/TransformsRequest.php(21): Illuminate\\Pipeline\\Pipeline->Illuminate\\Pipeline\\{closure}(Object(Illuminate\\Http\\Request))
#40 /Users/i343623/OneDrive - České vysoké učení technické v Praze/Laravel/untitled4/vendor/laravel/framework/src/Illuminate/Pipeline/Pipeline.php(171): Illuminate\\Foundation\\Http\\Middleware\\TransformsRequest->handle(Object(Illuminate\\Http\\Request), Object(Closure))
#41 /Users/i343623/OneDrive - České vysoké učení technické v Praze/Laravel/untitled4/vendor/laravel/framework/src/Illuminate/Foundation/Http/Middleware/ValidatePostSize.php(27): Illuminate\\Pipeline\\Pipeline->Illuminate\\Pipeline\\{closure}(Object(Illuminate\\Http\\Request))
#42 /Users/i343623/OneDrive - České vysoké učení technické v Praze/Laravel/untitled4/vendor/laravel/framework/src/Illuminate/Pipeline/Pipeline.php(171): Illuminate\\Foundation\\Http\\Middleware\\ValidatePostSize->handle(Object(Illuminate\\Http\\Request), Object(Closure))
#43 /Users/i343623/OneDrive - České vysoké učení technické v Praze/Laravel/untitled4/vendor/laravel/framework/src/Illuminate/Foundation/Http/Middleware/CheckForMaintenanceMode.php(63): Illuminate\\Pipeline\\Pipeline->Illuminate\\Pipeline\\{closure}(Object(Illuminate\\Http\\Request))
#44 /Users/i343623/OneDrive - České vysoké učení technické v Praze/Laravel/untitled4/vendor/laravel/framework/src/Illuminate/Pipeline/Pipeline.php(171): Illuminate\\Foundation\\Http\\Middleware\\CheckForMaintenanceMode->handle(Object(Illuminate\\Http\\Request), Object(Closure))
#45 /Users/i343623/OneDrive - České vysoké učení technické v Praze/Laravel/untitled4/vendor/fideloper/proxy/src/TrustProxies.php(57): Illuminate\\Pipeline\\Pipeline->Illuminate\\Pipeline\\{closure}(Object(Illuminate\\Http\\Request))
#46 /Users/i343623/OneDrive - České vysoké učení technické v Praze/Laravel/untitled4/vendor/laravel/framework/src/Illuminate/Pipeline/Pipeline.php(171): Fideloper\\Proxy\\TrustProxies->handle(Object(Illuminate\\Http\\Request), Object(Closure))
#47 /Users/i343623/OneDrive - České vysoké učení technické v Praze/Laravel/untitled4/vendor/laravel/framework/src/Illuminate/Pipeline/Pipeline.php(105): Illuminate\\Pipeline\\Pipeline->Illuminate\\Pipeline\\{closure}(Object(Illuminate\\Http\\Request))
#48 /Users/i343623/OneDrive - České vysoké učení technické v Praze/Laravel/untitled4/vendor/laravel/framework/src/Illuminate/Foundation/Http/Kernel.php(145): Illuminate\\Pipeline\\Pipeline->then(Object(Closure))
#49 /Users/i343623/OneDrive - České vysoké učení technické v Praze/Laravel/untitled4/vendor/laravel/framework/src/Illuminate/Foundation/Http/Kernel.php(110): Illuminate\\Foundation\\Http\\Kernel->sendRequestThroughRouter(Object(Illuminate\\Http\\Request))
#50 /Users/i343623/OneDrive - České vysoké učení technické v Praze/Laravel/untitled4/public/index.php(55): Illuminate\\Foundation\\Http\\Kernel->handle(Object(Illuminate\\Http\\Request))
#51 /Users/i343623/OneDrive - České vysoké učení technické v Praze/Laravel/untitled4/server.php(21): require_once('/Users/i343623/...')
#52 {main}

[previous exception] [object] (PDOException(code: 2002): SQLSTATE[HY000] [2002] Connection refused at /Users/i343623/OneDrive - České vysoké učení technické v Praze/Laravel/untitled4/vendor/laravel/framework/src/Illuminate/Database/Connectors/Connector.php:70)
[stacktrace]
#0 /Users/i343623/OneDrive - České vysoké učení technické v Praze/Laravel/untitled4/vendor/laravel/framework/src/Illuminate/Database/Connectors/Connector.php(70): PDO->__construct('mysql:host=127....', 'root', '', Array)
#1 /Users/i343623/OneDrive - České vysoké učení technické v Praze/Laravel/untitled4/vendor/laravel/framework/src/Illuminate/Database/Connectors/Connector.php(100): Illuminate\\Database\\Connectors\\Connector->createPdoConnection('mysql:host=127....', 'root', '', Array)
#2 /Users/i343623/OneDrive - České vysoké učení technické v Praze/Laravel/untitled4/vendor/laravel/framework/src/Illuminate/Database/Connectors/Connector.php(50): Illuminate\\Database\\Connectors\\Connector->tryAgainIfCausedByLostConnection(Object(PDOException), 'mysql:host=127....', 'root', '', Array)
#3 /Users/i343623/OneDrive - České vysoké učení technické v Praze/Laravel/untitled4/vendor/laravel/framework/src/Illuminate/Database/Connectors/MySqlConnector.php(24): Illuminate\\Database\\Connectors\\Connector->createConnection('mysql:host=127....', Array, Array)
#4 /Users/i343623/OneDrive - České vysoké učení technické v Praze/Laravel/untitled4/vendor/laravel/framework/src/Illuminate/Database/Connectors/ConnectionFactory.php(182): Illuminate\\Database\\Connectors\\MySqlConnector->connect(Array)
#5 [internal function]: Illuminate\\Database\\Connectors\\ConnectionFactory->Illuminate\\Database\\Connectors\\{closure}()
#6 /Users/i343623/OneDrive - České vysoké učení technické v Praze/Laravel/untitled4/vendor/laravel/framework/src/Illuminate/Database/Connection.php(924): call_user_func(Object(Closure))
#7 /Users/i343623/OneDrive - České vysoké učení technické v Praze/Laravel/untitled4/vendor/laravel/framework/src/Illuminate/Database/Connection.php(959): Illuminate\\Database\\Connection->getPdo()
#8 /Users/i343623/OneDrive - České vysoké učení technické v Praze/Laravel/untitled4/vendor/laravel/framework/src/Illuminate/Database/Connection.php(404): Illuminate\\Database\\Connection->getReadPdo()
#9 /Users/i343623/OneDrive - České vysoké učení technické v Praze/Laravel/untitled4/vendor/laravel/framework/src/Illuminate/Database/Connection.php(330): Illuminate\\Database\\Connection->getPdoForSelect(true)
#10 /Users/i343623/OneDrive - České vysoké učení technické v Praze/Laravel/untitled4/vendor/laravel/framework/src/Illuminate/Database/Connection.php(662): Illuminate\\Database\\Connection->Illuminate\\Database\\{closure}('select * from `...', Array)
#11 /Users/i343623/OneDrive - České vysoké učení technické v Praze/Laravel/untitled4/vendor/laravel/framework/src/Illuminate/Database/Connection.php(743): Illuminate\\Database\\Connection->runQueryCallback('select * from `...', Array, Object(Closure))
#12 /Users/i343623/OneDrive - České vysoké učení technické v Praze/Laravel/untitled4/vendor/laravel/framework/src/Illuminate/Database/Connection.php(723): Illuminate\\Database\\Connection->tryAgainIfCausedByLostConnection(Object(Illuminate\\Database\\QueryException), 'select * from `...', Array, Object(Closure))
#13 /Users/i343623/OneDrive - České vysoké učení technické v Praze/Laravel/untitled4/vendor/laravel/framework/src/Illuminate/Database/Connection.php(632): Illuminate\\Database\\Connection->handleQueryException(Object(Illuminate\\Database\\QueryException), 'select * from `...', Array, Object(Closure))
#14 /Users/i343623/OneDrive - České vysoké učení technické v Praze/Laravel/untitled4/vendor/laravel/framework/src/Illuminate/Database/Connection.php(338): Illuminate\\Database\\Connection->run('select * from `...', Array, Object(Closure))
#15 /Users/i343623/OneDrive - České vysoké učení technické v Praze/Laravel/untitled4/vendor/laravel/framework/src/Illuminate/Database/Query/Builder.php(2149): Illuminate\\Database\\Connection->select('select * from `...', Array, true)
#16 /Users/i343623/OneDrive - České vysoké učení technické v Praze/Laravel/untitled4/vendor/laravel/framework/src/Illuminate/Database/Query/Builder.php(2137): Illuminate\\Database\\Query\\Builder->runSelect()
#17 /Users/i343623/OneDrive - České vysoké učení technické v Praze/Laravel/untitled4/vendor/laravel/framework/src/Illuminate/Database/Query/Builder.php(2609): Illuminate\\Database\\Query\\Builder->Illuminate\\Database\\Query\\{closure}()
#18 /Users/i343623/OneDrive - České vysoké učení technické v Praze/Laravel/untitled4/vendor/laravel/framework/src/Illuminate/Database/Query/Builder.php(2138): Illuminate\\Database\\Query\\Builder->onceWithColumns(Array, Object(Closure))
#19 /Users/i343623/OneDrive - České vysoké učení technické v Praze/Laravel/untitled4/vendor/laravel/framework/src/Illuminate/Database/Eloquent/Builder.php(537): Illuminate\\Database\\Query\\Builder->get(Array)
#20 /Users/i343623/OneDrive - České vysoké učení technické v Praze/Laravel/untitled4/vendor/laravel/framework/src/Illuminate/Database/Eloquent/Builder.php(521): Illuminate\\Database\\Eloquent\\Builder->getModels(Array)
#21 /Users/i343623/OneDrive - České vysoké učení technické v Praze/Laravel/untitled4/app/Http/Controllers/WelcomeController.php(19): Illuminate\\Database\\Eloquent\\Builder->get()
#22 [internal function]: App\\Http\\Controllers\\WelcomeController->__invoke(Object(Illuminate\\Http\\Request))
#23 /Users/i343623/OneDrive - České vysoké učení technické v Praze/Laravel/untitled4/vendor/laravel/framework/src/Illuminate/Routing/Controller.php(54): call_user_func_array(Array, Array)
#24 /Users/i343623/OneDrive - České vysoké učení technické v Praze/Laravel/untitled4/vendor/laravel/framework/src/Illuminate/Routing/ControllerDispatcher.php(45): Illuminate\\Routing\\Controller->callAction('__invoke', Array)
#25 /Users/i343623/OneDrive - České vysoké učení technické v Praze/Laravel/untitled4/vendor/laravel/framework/src/Illuminate/Routing/Route.php(219): Illuminate\\Routing\\ControllerDispatcher->dispatch(Object(Illuminate\\Routing\\Route), Object(App\\Http\\Controllers\\WelcomeController), '__invoke')
#26 /Users/i343623/OneDrive - České vysoké učení technické v Praze/Laravel/untitled4/vendor/laravel/framework/src/Illuminate/Routing/Route.php(176): Illuminate\\Routing\\Route->runController()
#27 /Users/i343623/OneDrive - České vysoké učení technické v Praze/Laravel/untitled4/vendor/laravel/framework/src/Illuminate/Routing/Router.php(681): Illuminate\\Routing\\Route->run()
#28 /Users/i343623/OneDrive - České vysoké učení technické v Praze/Laravel/untitled4/vendor/laravel/framework/src/Illuminate/Pipeline/Pipeline.php(130): Illuminate\\Routing\\Router->Illuminate\\Routing\\{closure}(Object(Illuminate\\Http\\Request))
#29 /Users/i343623/OneDrive - České vysoké učení technické v Praze/Laravel/untitled4/vendor/laravel/framework/src/Illuminate/Routing/Middleware/SubstituteBindings.php(41): Illuminate\\Pipeline\\Pipeline->Illuminate\\Pipeline\\{closure}(Object(Illuminate\\Http\\Request))
#30 /Users/i343623/OneDrive - České vysoké učení technické v Praze/Laravel/untitled4/vendor/laravel/framework/src/Illuminate/Pipeline/Pipeline.php(171): Illuminate\\Routing\\Middleware\\SubstituteBindings->handle(Object(Illuminate\\Http\\Request), Object(Closure))
#31 /Users/i343623/OneDrive - České vysoké učení technické v Praze/Laravel/untitled4/vendor/laravel/framework/src/Illuminate/Foundation/Http/Middleware/VerifyCsrfToken.php(76): Illuminate\\Pipeline\\Pipeline->Illuminate\\Pipeline\\{closure}(Object(Illuminate\\Http\\Request))
#32 /Users/i343623/OneDrive - České vysoké učení technické v Praze/Laravel/untitled4/vendor/laravel/framework/src/Illuminate/Pipeline/Pipeline.php(171): Illuminate\\Foundation\\Http\\Middleware\\VerifyCsrfToken->handle(Object(Illuminate\\Http\\Request), Object(Closure))
#33 /Users/i343623/OneDrive - České vysoké učení technické v Praze/Laravel/untitled4/vendor/laravel/framework/src/Illuminate/View/Middleware/ShareErrorsFromSession.php(49): Illuminate\\Pipeline\\Pipeline->Illuminate\\Pipeline\\{closure}(Object(Illuminate\\Http\\Request))
#34 /Users/i343623/OneDrive - České vysoké učení technické v Praze/Laravel/untitled4/vendor/laravel/framework/src/Illuminate/Pipeline/Pipeline.php(171): Illuminate\\View\\Middleware\\ShareErrorsFromSession->handle(Object(Illuminate\\Http\\Request), Object(Closure))
#35 /Users/i343623/OneDrive - České vysoké učení technické v Praze/Laravel/untitled4/vendor/laravel/framework/src/Illuminate/Session/Middleware/StartSession.php(56): Illuminate\\Pipeline\\Pipeline->Illuminate\\Pipeline\\{closure}(Object(Illuminate\\Http\\Request))
#36 /Users/i343623/OneDrive - České vysoké učení technické v Praze/Laravel/untitled4/vendor/laravel/framework/src/Illuminate/Pipeline/Pipeline.php(171): Illuminate\\Session\\Middleware\\StartSession->handle(Object(Illuminate\\Http\\Request), Object(Closure))
#37 /Users/i343623/OneDrive - České vysoké učení technické v Praze/Laravel/untitled4/vendor/laravel/framework/src/Illuminate/Cookie/Middleware/AddQueuedCookiesToResponse.php(37): Illuminate\\Pipeline\\Pipeline->Illuminate\\Pipeline\\{closure}(Object(Illuminate\\Http\\Request))
#38 /Users/i343623/OneDrive - České vysoké učení technické v Praze/Laravel/untitled4/vendor/laravel/framework/src/Illuminate/Pipeline/Pipeline.php(171): Illuminate\\Cookie\\Middleware\\AddQueuedCookiesToResponse->handle(Object(Illuminate\\Http\\Request), Object(Closure))
#39 /Users/i343623/OneDrive - České vysoké učení technické v Praze/Laravel/untitled4/vendor/laravel/framework/src/Illuminate/Cookie/Middleware/EncryptCookies.php(66): Illuminate\\Pipeline\\Pipeline->Illuminate\\Pipeline\\{closure}(Object(Illuminate\\Http\\Request))
#40 /Users/i343623/OneDrive - České vysoké učení technické v Praze/Laravel/untitled4/vendor/laravel/framework/src/Illuminate/Pipeline/Pipeline.php(171): Illuminate\\Cookie\\Middleware\\EncryptCookies->handle(Object(Illuminate\\Http\\Request), Object(Closure))
#41 /Users/i343623/OneDrive - České vysoké učení technické v Praze/Laravel/untitled4/vendor/laravel/framework/src/Illuminate/Pipeline/Pipeline.php(105): Illuminate\\Pipeline\\Pipeline->Illuminate\\Pipeline\\{closure}(Object(Illuminate\\Http\\Request))
#42 /Users/i343623/OneDrive - České vysoké učení technické v Praze/Laravel/untitled4/vendor/laravel/framework/src/Illuminate/Routing/Router.php(683): Illuminate\\Pipeline\\Pipeline->then(Object(Closure))
#43 /Users/i343623/OneDrive - České vysoké učení technické v Praze/Laravel/untitled4/vendor/laravel/framework/src/Illuminate/Routing/Router.php(658): Illuminate\\Routing\\Router->runRouteWithinStack(Object(Illuminate\\Routing\\Route), Object(Illuminate\\Http\\Request))
#44 /Users/i343623/OneDrive - České vysoké učení technické v Praze/Laravel/untitled4/vendor/laravel/framework/src/Illuminate/Routing/Router.php(624): Illuminate\\Routing\\Router->runRoute(Object(Illuminate\\Http\\Request), Object(Illuminate\\Routing\\Route))
#45 /Users/i343623/OneDrive - České vysoké učení technické v Praze/Laravel/untitled4/vendor/laravel/framework/src/Illuminate/Routing/Router.php(613): Illuminate\\Routing\\Router->dispatchToRoute(Object(Illuminate\\Http\\Request))
#46 /Users/i343623/OneDrive - České vysoké učení technické v Praze/Laravel/untitled4/vendor/laravel/framework/src/Illuminate/Foundation/Http/Kernel.php(170): Illuminate\\Routing\\Router->dispatch(Object(Illuminate\\Http\\Request))
#47 /Users/i343623/OneDrive - České vysoké učení technické v Praze/Laravel/untitled4/vendor/laravel/framework/src/Illuminate/Pipeline/Pipeline.php(130): Illuminate\\Foundation\\Http\\Kernel->Illuminate\\Foundation\\Http\\{closure}(Object(Illuminate\\Http\\Request))
#48 /Users/i343623/OneDrive - České vysoké učení technické v Praze/Laravel/untitled4/vendor/laravel/framework/src/Illuminate/Foundation/Http/Middleware/TransformsRequest.php(21): Illuminate\\Pipeline\\Pipeline->Illuminate\\Pipeline\\{closure}(Object(Illuminate\\Http\\Request))
#49 /Users/i343623/OneDrive - České vysoké učení technické v Praze/Laravel/untitled4/vendor/laravel/framework/src/Illuminate/Pipeline/Pipeline.php(171): Illuminate\\Foundation\\Http\\Middleware\\TransformsRequest->handle(Object(Illuminate\\Http\\Request), Object(Closure))
#50 /Users/i343623/OneDrive - České vysoké učení technické v Praze/Laravel/untitled4/vendor/laravel/framework/src/Illuminate/Foundation/Http/Middleware/TransformsRequest.php(21): Illuminate\\Pipeline\\Pipeline->Illuminate\\Pipeline\\{closure}(Object(Illuminate\\Http\\Request))
#51 /Users/i343623/OneDrive - České vysoké učení technické v Praze/Laravel/untitled4/vendor/laravel/framework/src/Illuminate/Pipeline/Pipeline.php(171): Illuminate\\Foundation\\Http\\Middleware\\TransformsRequest->handle(Object(Illuminate\\Http\\Request), Object(Closure))
#52 /Users/i343623/OneDrive - České vysoké učení technické v Praze/Laravel/untitled4/vendor/laravel/framework/src/Illuminate/Foundation/Http/Middleware/ValidatePostSize.php(27): Illuminate\\Pipeline\\Pipeline->Illuminate\\Pipeline\\{closure}(Object(Illuminate\\Http\\Request))
#53 /Users/i343623/OneDrive - České vysoké učení technické v Praze/Laravel/untitled4/vendor/laravel/framework/src/Illuminate/Pipeline/Pipeline.php(171): Illuminate\\Foundation\\Http\\Middleware\\ValidatePostSize->handle(Object(Illuminate\\Http\\Request), Object(Closure))
#54 /Users/i343623/OneDrive - České vysoké učení technické v Praze/Laravel/untitled4/vendor/laravel/framework/src/Illuminate/Foundation/Http/Middleware/CheckForMaintenanceMode.php(63): Illuminate\\Pipeline\\Pipeline->Illuminate\\Pipeline\\{closure}(Object(Illuminate\\Http\\Request))
#55 /Users/i343623/OneDrive - České vysoké učení technické v Praze/Laravel/untitled4/vendor/laravel/framework/src/Illuminate/Pipeline/Pipeline.php(171): Illuminate\\Foundation\\Http\\Middleware\\CheckForMaintenanceMode->handle(Object(Illuminate\\Http\\Request), Object(Closure))
#56 /Users/i343623/OneDrive - České vysoké učení technické v Praze/Laravel/untitled4/vendor/fideloper/proxy/src/TrustProxies.php(57): Illuminate\\Pipeline\\Pipeline->Illuminate\\Pipeline\\{closure}(Object(Illuminate\\Http\\Request))
#57 /Users/i343623/OneDrive - České vysoké učení technické v Praze/Laravel/untitled4/vendor/laravel/framework/src/Illuminate/Pipeline/Pipeline.php(171): Fideloper\\Proxy\\TrustProxies->handle(Object(Illuminate\\Http\\Request), Object(Closure))
#58 /Users/i343623/OneDrive - České vysoké učení technické v Praze/Laravel/untitled4/vendor/laravel/framework/src/Illuminate/Pipeline/Pipeline.php(105): Illuminate\\Pipeline\\Pipeline->Illuminate\\Pipeline\\{closure}(Object(Illuminate\\Http\\Request))
#59 /Users/i343623/OneDrive - České vysoké učení technické v Praze/Laravel/untitled4/vendor/laravel/framework/src/Illuminate/Foundation/Http/Kernel.php(145): Illuminate\\Pipeline\\Pipeline->then(Object(Closure))
#60 /Users/i343623/OneDrive - České vysoké učení technické v Praze/Laravel/untitled4/vendor/laravel/framework/src/Illuminate/Foundation/Http/Kernel.php(110): Illuminate\\Foundation\\Http\\Kernel->sendRequestThroughRouter(Object(Illuminate\\Http\\Request))
#61 /Users/i343623/OneDrive - České vysoké učení technické v Praze/Laravel/untitled4/public/index.php(55): Illuminate\\Foundation\\Http\\Kernel->handle(Object(Illuminate\\Http\\Request))
#62 /Users/i343623/OneDrive - České vysoké učení technické v Praze/Laravel/untitled4/server.php(21): require_once('/Users/i343623/...')
#63 {main}
"} 
[2020-03-04 20:12:16] local.ERROR: file_put_contents(D:\Jetbrains\PhpstormProjects\untitled4\storage\framework/sessions/GCg7ZLdJArkfba1FiJJRJDsihrf2HSvqdSlUD6yP): failed to open stream: No such file or directory {"exception":"[object] (ErrorException(code: 0): file_put_contents(D:\\Jetbrains\\PhpstormProjects\\untitled4\\storage\\framework/sessions/GCg7ZLdJArkfba1FiJJRJDsihrf2HSvqdSlUD6yP): failed to open stream: No such file or directory at /Users/i343623/OneDrive - České vysoké učení technické v Praze/Laravel/untitled4/vendor/laravel/framework/src/Illuminate/Filesystem/Filesystem.php:133)
[stacktrace]
#0 [internal function]: Illuminate\\Foundation\\Bootstrap\\HandleExceptions->handleError(2, 'file_put_conten...', '/Users/i343623/...', 133, Array)
#1 /Users/i343623/OneDrive - České vysoké učení technické v Praze/Laravel/untitled4/vendor/laravel/framework/src/Illuminate/Filesystem/Filesystem.php(133): file_put_contents('D:\\\\Jetbrains\\\\Ph...', 'a:3:{s:6:\"_toke...', 2)
#2 /Users/i343623/OneDrive - České vysoké učení technické v Praze/Laravel/untitled4/vendor/laravel/framework/src/Illuminate/Session/FileSessionHandler.php(83): Illuminate\\Filesystem\\Filesystem->put('D:\\\\Jetbrains\\\\Ph...', 'a:3:{s:6:\"_toke...', true)
#3 /Users/i343623/OneDrive - České vysoké učení technické v Praze/Laravel/untitled4/vendor/laravel/framework/src/Illuminate/Session/Store.php(129): Illuminate\\Session\\FileSessionHandler->write('GCg7ZLdJArkfba1...', 'a:3:{s:6:\"_toke...')
#4 /Users/i343623/OneDrive - České vysoké učení technické v Praze/Laravel/untitled4/vendor/laravel/framework/src/Illuminate/Session/Middleware/StartSession.php(170): Illuminate\\Session\\Store->save()
#5 /Users/i343623/OneDrive - České vysoké učení technické v Praze/Laravel/untitled4/vendor/laravel/framework/src/Illuminate/Session/Middleware/StartSession.php(65): Illuminate\\Session\\Middleware\\StartSession->saveSession(Object(Illuminate\\Http\\Request))
#6 /Users/i343623/OneDrive - České vysoké učení technické v Praze/Laravel/untitled4/vendor/laravel/framework/src/Illuminate/Pipeline/Pipeline.php(171): Illuminate\\Session\\Middleware\\StartSession->handle(Object(Illuminate\\Http\\Request), Object(Closure))
#7 /Users/i343623/OneDrive - České vysoké učení technické v Praze/Laravel/untitled4/vendor/laravel/framework/src/Illuminate/Cookie/Middleware/AddQueuedCookiesToResponse.php(37): Illuminate\\Pipeline\\Pipeline->Illuminate\\Pipeline\\{closure}(Object(Illuminate\\Http\\Request))
#8 /Users/i343623/OneDrive - České vysoké učení technické v Praze/Laravel/untitled4/vendor/laravel/framework/src/Illuminate/Pipeline/Pipeline.php(171): Illuminate\\Cookie\\Middleware\\AddQueuedCookiesToResponse->handle(Object(Illuminate\\Http\\Request), Object(Closure))
#9 /Users/i343623/OneDrive - České vysoké učení technické v Praze/Laravel/untitled4/vendor/laravel/framework/src/Illuminate/Cookie/Middleware/EncryptCookies.php(66): Illuminate\\Pipeline\\Pipeline->Illuminate\\Pipeline\\{closure}(Object(Illuminate\\Http\\Request))
#10 /Users/i343623/OneDrive - České vysoké učení technické v Praze/Laravel/untitled4/vendor/laravel/framework/src/Illuminate/Pipeline/Pipeline.php(171): Illuminate\\Cookie\\Middleware\\EncryptCookies->handle(Object(Illuminate\\Http\\Request), Object(Closure))
#11 /Users/i343623/OneDrive - České vysoké učení technické v Praze/Laravel/untitled4/vendor/laravel/framework/src/Illuminate/Pipeline/Pipeline.php(105): Illuminate\\Pipeline\\Pipeline->Illuminate\\Pipeline\\{closure}(Object(Illuminate\\Http\\Request))
#12 /Users/i343623/OneDrive - České vysoké učení technické v Praze/Laravel/untitled4/vendor/laravel/framework/src/Illuminate/Routing/Router.php(683): Illuminate\\Pipeline\\Pipeline->then(Object(Closure))
#13 /Users/i343623/OneDrive - České vysoké učení technické v Praze/Laravel/untitled4/vendor/laravel/framework/src/Illuminate/Routing/Router.php(658): Illuminate\\Routing\\Router->runRouteWithinStack(Object(Illuminate\\Routing\\Route), Object(Illuminate\\Http\\Request))
#14 /Users/i343623/OneDrive - České vysoké učení technické v Praze/Laravel/untitled4/vendor/laravel/framework/src/Illuminate/Routing/Router.php(624): Illuminate\\Routing\\Router->runRoute(Object(Illuminate\\Http\\Request), Object(Illuminate\\Routing\\Route))
#15 /Users/i343623/OneDrive - České vysoké učení technické v Praze/Laravel/untitled4/vendor/laravel/framework/src/Illuminate/Routing/Router.php(613): Illuminate\\Routing\\Router->dispatchToRoute(Object(Illuminate\\Http\\Request))
#16 /Users/i343623/OneDrive - České vysoké učení technické v Praze/Laravel/untitled4/vendor/laravel/framework/src/Illuminate/Foundation/Http/Kernel.php(170): Illuminate\\Routing\\Router->dispatch(Object(Illuminate\\Http\\Request))
#17 /Users/i343623/OneDrive - České vysoké učení technické v Praze/Laravel/untitled4/vendor/laravel/framework/src/Illuminate/Pipeline/Pipeline.php(130): Illuminate\\Foundation\\Http\\Kernel->Illuminate\\Foundation\\Http\\{closure}(Object(Illuminate\\Http\\Request))
#18 /Users/i343623/OneDrive - České vysoké učení technické v Praze/Laravel/untitled4/vendor/laravel/framework/src/Illuminate/Foundation/Http/Middleware/TransformsRequest.php(21): Illuminate\\Pipeline\\Pipeline->Illuminate\\Pipeline\\{closure}(Object(Illuminate\\Http\\Request))
#19 /Users/i343623/OneDrive - České vysoké učení technické v Praze/Laravel/untitled4/vendor/laravel/framework/src/Illuminate/Pipeline/Pipeline.php(171): Illuminate\\Foundation\\Http\\Middleware\\TransformsRequest->handle(Object(Illuminate\\Http\\Request), Object(Closure))
#20 /Users/i343623/OneDrive - České vysoké učení technické v Praze/Laravel/untitled4/vendor/laravel/framework/src/Illuminate/Foundation/Http/Middleware/TransformsRequest.php(21): Illuminate\\Pipeline\\Pipeline->Illuminate\\Pipeline\\{closure}(Object(Illuminate\\Http\\Request))
#21 /Users/i343623/OneDrive - České vysoké učení technické v Praze/Laravel/untitled4/vendor/laravel/framework/src/Illuminate/Pipeline/Pipeline.php(171): Illuminate\\Foundation\\Http\\Middleware\\TransformsRequest->handle(Object(Illuminate\\Http\\Request), Object(Closure))
#22 /Users/i343623/OneDrive - České vysoké učení technické v Praze/Laravel/untitled4/vendor/laravel/framework/src/Illuminate/Foundation/Http/Middleware/ValidatePostSize.php(27): Illuminate\\Pipeline\\Pipeline->Illuminate\\Pipeline\\{closure}(Object(Illuminate\\Http\\Request))
#23 /Users/i343623/OneDrive - České vysoké učení technické v Praze/Laravel/untitled4/vendor/laravel/framework/src/Illuminate/Pipeline/Pipeline.php(171): Illuminate\\Foundation\\Http\\Middleware\\ValidatePostSize->handle(Object(Illuminate\\Http\\Request), Object(Closure))
#24 /Users/i343623/OneDrive - České vysoké učení technické v Praze/Laravel/untitled4/vendor/laravel/framework/src/Illuminate/Foundation/Http/Middleware/CheckForMaintenanceMode.php(63): Illuminate\\Pipeline\\Pipeline->Illuminate\\Pipeline\\{closure}(Object(Illuminate\\Http\\Request))
#25 /Users/i343623/OneDrive - České vysoké učení technické v Praze/Laravel/untitled4/vendor/laravel/framework/src/Illuminate/Pipeline/Pipeline.php(171): Illuminate\\Foundation\\Http\\Middleware\\CheckForMaintenanceMode->handle(Object(Illuminate\\Http\\Request), Object(Closure))
#26 /Users/i343623/OneDrive - České vysoké učení technické v Praze/Laravel/untitled4/vendor/fideloper/proxy/src/TrustProxies.php(57): Illuminate\\Pipeline\\Pipeline->Illuminate\\Pipeline\\{closure}(Object(Illuminate\\Http\\Request))
#27 /Users/i343623/OneDrive - České vysoké učení technické v Praze/Laravel/untitled4/vendor/laravel/framework/src/Illuminate/Pipeline/Pipeline.php(171): Fideloper\\Proxy\\TrustProxies->handle(Object(Illuminate\\Http\\Request), Object(Closure))
#28 /Users/i343623/OneDrive - České vysoké učení technické v Praze/Laravel/untitled4/vendor/laravel/framework/src/Illuminate/Pipeline/Pipeline.php(105): Illuminate\\Pipeline\\Pipeline->Illuminate\\Pipeline\\{closure}(Object(Illuminate\\Http\\Request))
#29 /Users/i343623/OneDrive - České vysoké učení technické v Praze/Laravel/untitled4/vendor/laravel/framework/src/Illuminate/Foundation/Http/Kernel.php(145): Illuminate\\Pipeline\\Pipeline->then(Object(Closure))
#30 /Users/i343623/OneDrive - České vysoké učení technické v Praze/Laravel/untitled4/vendor/laravel/framework/src/Illuminate/Foundation/Http/Kernel.php(110): Illuminate\\Foundation\\Http\\Kernel->sendRequestThroughRouter(Object(Illuminate\\Http\\Request))
#31 /Users/i343623/OneDrive - České vysoké učení technické v Praze/Laravel/untitled4/public/index.php(55): Illuminate\\Foundation\\Http\\Kernel->handle(Object(Illuminate\\Http\\Request))
#32 /Users/i343623/OneDrive - České vysoké učení technické v Praze/Laravel/untitled4/server.php(21): require_once('/Users/i343623/...')
#33 {main}
"} 
